KidsAlphabetGame/app/libs/dynamicgrid/build/outputs/logs/manifest-merger-debug-report.txt
-- Merging decision tree log ---
manifest
ADDED from libs\dynamicgrid\AndroidManifest.xml:2:1-11:12
INJECTED from libs\dynamicgrid\AndroidManifest.xml:2:1-11:12
INJECTED from libs\dynamicgrid\AndroidManifest.xml:2:1-11:12
INJECTED from libs\dynamicgrid\AndroidManifest.xml:2:1-11:12
INJECTED from libs\dynamicgrid\AndroidManifest.xml:2:1-11:12
INJECTED from libs\dynamicgrid\AndroidManifest.xml:2:1-11:12
INJECTED from libs\dynamicgrid\AndroidManifest.xml:2:1-11:12
	package
		ADDED from libs\dynamicgrid\AndroidManifest.xml:3:11-44
		INJECTED from libs\dynamicgrid\AndroidManifest.xml
		INJECTED from libs\dynamicgrid\AndroidManifest.xml
	android:versionName
		ADDED from libs\dynamicgrid\AndroidManifest.xml:5:11-36
		INJECTED from libs\dynamicgrid\AndroidManifest.xml
		INJECTED from libs\dynamicgrid\AndroidManifest.xml
	xmlns:android
		ADDED from libs\dynamicgrid\AndroidManifest.xml:2:11-69
	android:versionCode
		ADDED from libs\dynamicgrid\AndroidManifest.xml:4:11-34
		INJECTED from libs\dynamicgrid\AndroidManifest.xml
		INJECTED from libs\dynamicgrid\AndroidManifest.xml
uses-sdk
ADDED from libs\dynamicgrid\AndroidManifest.xml:7:5-9:44
INJECTED from libs\dynamicgrid\AndroidManifest.xml:7:5-9:44
INJECTED from libs\dynamicgrid\AndroidManifest.xml:7:5-9:44
INJECTED from libs\dynamicgrid\AndroidManifest.xml:7:5-9:44
INJECTED from libs\dynamicgrid\AndroidManifest.xml:7:5-9:44
	android:targetSdkVersion
		ADDED from libs\dynamicgrid\AndroidManifest.xml:9:13-42
		INJECTED from libs\dynamicgrid\AndroidManifest.xml
		INJECTED from libs\dynamicgrid\AndroidManifest.xml
	android:minSdkVersion
		ADDED from libs\dynamicgrid\AndroidManifest.xml:8:13-38
		INJECTED from libs\dynamicgrid\AndroidManifest.xml
		INJECTED from libs\dynamicgrid\AndroidManifest.xml